[01m[Kcc1plus:[m[K [01;31m[Kfatal error: [m[K/home/ricardo/com_nav_ws/src/com_nav/src/com_nav.cpp: No such file or directory
compilation terminated.
gmake[2]: *** [CMakeFiles/com_nav.dir/build.make:76: CMakeFiles/com_nav.dir/src/com_nav.cpp.o] Error 1
gmake[1]: *** [CMakeFiles/Makefile2:137: CMakeFiles/com_nav.dir/all] Error 2
gmake: *** [Makefile:146: all] Error 2
