[0.011s] Invoking command in '/home/ricardo/com_nav_ws/build/com_nav': CMAKE_PREFIX_PATH=/opt/ros/humble /usr/bin/cmake --build /home/ricardo/com_nav_ws/build/com_nav -- -j16 -l16
[0.038s] -- Found ament_cmake: 1.3.11 (/opt/ros/humble/share/ament_cmake/cmake)
[0.141s] -- Found rclcpp: 16.0.11 (/opt/ros/humble/share/rclcpp/cmake)
[0.162s] -- Found rosidl_generator_c: 3.1.6 (/opt/ros/humble/share/rosidl_generator_c/cmake)
[0.164s] -- Found rosidl_adapter: 3.1.6 (/opt/ros/humble/share/rosidl_adapter/cmake)
[0.168s] -- Found rosidl_generator_cpp: 3.1.6 (/opt/ros/humble/share/rosidl_generator_cpp/cmake)
[0.174s] -- Using all available rosidl_typesupport_c: rosidl_typesupport_fastrtps_c;rosidl_typesupport_introspection_c
[0.182s] -- Using all available rosidl_typesupport_cpp: rosidl_typesupport_fastrtps_cpp;rosidl_typesupport_introspection_cpp
[0.202s] -- Found rmw_implementation_cmake: 6.1.2 (/opt/ros/humble/share/rmw_implementation_cmake/cmake)
[0.203s] -- Found rmw_fastrtps_cpp: 6.2.7 (/opt/ros/humble/share/rmw_fastrtps_cpp/cmake)
[0.294s] -- Using RMW implementation 'rmw_fastrtps_cpp' as default
[0.327s] -- Found ament_lint_auto: 0.12.11 (/opt/ros/humble/share/ament_lint_auto/cmake)
[0.386s] -- Configuring done
[0.394s] -- Generating done
[0.397s] -- Build files have been written to: /home/ricardo/com_nav_ws/build/com_nav
[0.453s] [ 66%] [32mBuilding CXX object CMakeFiles/com_nav.dir/src/CRC.cpp.o[0m
[0.453s] [ 66%] [32mBuilding CXX object CMakeFiles/com_nav.dir/src/com_nav.cpp.o[0m
[2.355s] [01m[K/home/ricardo/com_nav_ws/src/com_nav/src/com_nav.cpp:40:26:[m[K [01;31m[Kerror: [m[K‚Äò[01m[Kgeometry_msgs[m[K‚Äô was not declared in this scope
[2.355s]    40 |     rclcpp::Subscription<[01;31m[Kgeometry_msgs[m[K::msg::Twist>::SharedPtr subscription_;  // ËÆ¢ÈòÖÂô®
[2.355s]       |                          [01;31m[K^~~~~~~~~~~~~[m[K
[2.355s] [01m[K/home/ricardo/com_nav_ws/src/com_nav/src/com_nav.cpp:40:51:[m[K [01;31m[Kerror: [m[Ktemplate argument 1 is invalid
[2.355s]    40 |     rclcpp::Subscription<geometry_msgs::msg::Twist[01;31m[K>[m[K::SharedPtr subscription_;  // ËÆ¢ÈòÖÂô®
[2.355s]       |                                                   [01;31m[K^[m[K
[2.356s] [01m[K/home/ricardo/com_nav_ws/src/com_nav/src/com_nav.cpp:40:51:[m[K [01;31m[Kerror: [m[Ktemplate argument 3 is invalid
[2.356s] [01m[K/home/ricardo/com_nav_ws/src/com_nav/src/com_nav.cpp:40:51:[m[K [01;31m[Kerror: [m[Ktemplate argument 4 is invalid
[2.356s] [01m[K/home/ricardo/com_nav_ws/src/com_nav/src/com_nav.cpp:40:51:[m[K [01;31m[Kerror: [m[Ktemplate argument 5 is invalid
[2.356s] [01m[K/home/ricardo/com_nav_ws/src/com_nav/src/com_nav.cpp:40:54:[m[K [01;31m[Kerror: [m[Kexpected ‚Äò[01m[K;[m[K‚Äô at end of member declaration
[2.356s]    40 |     rclcpp::Subscription<geometry_msgs::msg::Twist>::[01;31m[KSharedPtr[m[K subscription_;  // ËÆ¢ÈòÖÂô®
[2.356s]       |                                                      [01;31m[K^~~~~~~~~[m[K
[2.356s]       |                                                               [32m[K;[m[K
[2.356s] [01m[K/home/ricardo/com_nav_ws/src/com_nav/src/com_nav.cpp:40:64:[m[K [01;31m[Kerror: [m[K‚Äò[01m[Ksubscription_[m[K‚Äô does not name a type; did you mean ‚Äò[01m[Krmw_subscription_t[m[K‚Äô?
[2.356s]    40 |     rclcpp::Subscription<geometry_msgs::msg::Twist>::SharedPtr [01;31m[Ksubscription_[m[K;  // ËÆ¢ÈòÖÂô®
[2.356s]       |                                                                [01;31m[K^~~~~~~~~~~~~[m[K
[2.356s]       |                                                                [32m[Krmw_subscription_t[m[K
[2.357s] [01m[K/home/ricardo/com_nav_ws/src/com_nav/src/com_nav.cpp:93:31:[m[K [01;31m[Kerror: [m[K‚Äò[01m[Kgeometry_msgs[m[K‚Äô does not name a type
[2.357s]    93 |     void cmdVelCallback(const [01;31m[Kgeometry_msgs[m[K::msg::Twist::SharedPtr msg) {
[2.357s]       |                               [01;31m[K^~~~~~~~~~~~~[m[K
[2.357s] [01m[K/home/ricardo/com_nav_ws/src/com_nav/src/com_nav.cpp:93:49:[m[K [01;31m[Kerror: [m[Kexpected unqualified-id before ‚Äò[01m[K::[m[K‚Äô token
[2.357s]    93 |     void cmdVelCallback(const geometry_msgs::msg[01;31m[K::[m[KTwist::SharedPtr msg) {
[2.357s]       |                                                 [01;31m[K^~[m[K
[2.357s] [01m[K/home/ricardo/com_nav_ws/src/com_nav/src/com_nav.cpp:93:49:[m[K [01;31m[Kerror: [m[Kexpected ‚Äò[01m[K)[m[K‚Äô before ‚Äò[01m[K::[m[K‚Äô token
[2.357s]    93 |     void cmdVelCallback[34m[K([m[Kconst geometry_msgs::msg[01;31m[K:[m[K[32m[K:[m[KTwist::SharedPtr msg) {
[2.357s]       |                        [34m[K~[m[K                        [01;31m[K^[m[K[32m[K~[m[K
[2.357s]       |                                                 [32m[K)[m[K
[2.357s] [01m[K/home/ricardo/com_nav_ws/src/com_nav/src/com_nav.cpp:93:46:[m[K [01;31m[Kerror: [m[Kexpected ‚Äò[01m[K;[m[K‚Äô at end of member declaration
[2.357s]    93 |     void cmdVelCallback(const geometry_msgs::[01;31m[Kmsg[m[K::Twist::SharedPtr msg) {
[2.357s]       |                                              [01;31m[K^~~[m[K
[2.358s]       |                                                 [32m[K;[m[K
[2.358s] [01m[K/home/ricardo/com_nav_ws/src/com_nav/src/com_nav.cpp:93:51:[m[K [01;31m[Kerror: [m[K‚Äò[01m[KTwist[m[K‚Äô in namespace ‚Äò[01m[K::[m[K‚Äô does not name a type
[2.358s]    93 |     void cmdVelCallback(const geometry_msgs::msg::[01;31m[KTwist[m[K::SharedPtr msg) {
[2.358s]       |                                                   [01;31m[K^~~~~[m[K
[2.359s] [01m[K/home/ricardo/com_nav_ws/src/com_nav/src/com_nav.cpp:119:2:[m[K [01;31m[Kerror: [m[Kexpected ‚Äò[01m[K;[m[K‚Äô after class definition
[2.359s]   119 | }
[2.359s]       |  [01;31m[K^[m[K
[2.359s]       |  [32m[K;[m[K
[2.363s] [01m[K/home/ricardo/com_nav_ws/src/com_nav/src/com_nav.cpp:[m[K In constructor ‚Äò[01m[KSerialCommunicationNode::SerialCommunicationNode()[m[K‚Äô:
[2.363s] [01m[K/home/ricardo/com_nav_ws/src/com_nav/src/com_nav.cpp:22:9:[m[K [01;31m[Kerror: [m[K‚Äò[01m[Ksubscription_[m[K‚Äô was not declared in this scope; did you mean ‚Äò[01m[Krmw_subscription_t[m[K‚Äô?
[2.363s]    22 |         [01;31m[Ksubscription_[m[K = this->create_subscription<geometry_msgs::msg::Twist>(
[2.363s]       |         [01;31m[K^~~~~~~~~~~~~[m[K
[2.363s]       |         [32m[Krmw_subscription_t[m[K
[2.368s] [01m[K/home/ricardo/com_nav_ws/src/com_nav/src/com_nav.cpp:22:51:[m[K [01;31m[Kerror: [m[K‚Äò[01m[Kgeometry_msgs[m[K‚Äô was not declared in this scope
[2.368s]    22 |         subscription_ = this->create_subscription<[01;31m[Kgeometry_msgs[m[K::msg::Twist>(
[2.368s]       |                                                   [01;31m[K^~~~~~~~~~~~~[m[K
[2.368s] [01m[K/home/ricardo/com_nav_ws/src/com_nav/src/com_nav.cpp:22:31:[m[K [01;31m[Kerror: [m[Kparse error in template argument list
[2.368s]    22 |         subscription_ = this->[01;31m[Kcreate_subscription<geometry_msgs::msg::Twist>[m[K(
[2.368s]       |                               [01;31m[K^~~~~~~~~~~~~~~~~~~~~~~~~~~~~~~~~~~~~~~~~~~~~~[m[K
[2.371s] [01m[K/home/ricardo/com_nav_ws/src/com_nav/src/com_nav.cpp:22:77:[m[K [01;31m[Kerror: [m[Kno matching function for call to ‚Äò[01m[KSerialCommunicationNode::create_subscription<<expression error> >(const char [9], int, std::_Bind_helper<false, void (SerialCommunicationNode::*)(...), SerialCommunicationNode*, const std::_Placeholder<1>&>::type)[m[K‚Äô
[2.371s]    22 |         subscription_ = [01;31m[Kthis->create_subscription<geometry_msgs::msg::Twist>([m[K
[2.372s]       |                         [01;31m[K~~~~~~~~~~~~~~~~~~~~~~~~~~~~~~~~~~~~~~~~~~~~~~~~~~~~^[m[K
[2.372s]    23 | [01;31m[K            "/cmd_vel", 10, std::bind(&SerialCommunicationNode::cmdVelCallback, this, std::placeholders::_1)[m[K
[2.372s]       |             [01;31m[K~~~~~~~~~~~~~~~~~~~~~~~~~~~~~~~~~~~~~~~~~~~~~~~~~~~~~~~~~~~~~~~~~~~~~~~~~~~~~~~~~~~~~~~~~~~~~~~~[m[K
[2.372s]    24 | [01;31m[K        )[m[K;  // ËÆ¢ÈòÖ /cmd_vel ËØùÈ¢ò
[2.372s]       |         [01;31m[K~[m[K                                                                    
[2.372s] In file included from [01m[K/opt/ros/humble/include/rclcpp/rclcpp/executors/single_threaded_executor.hpp:28[m[K,
[2.372s]                  from [01m[K/opt/ros/humble/include/rclcpp/rclcpp/executors.hpp:22[m[K,
[2.372s]                  from [01m[K/opt/ros/humble/include/rclcpp/rclcpp/rclcpp.hpp:155[m[K,
[2.372s]                  from [01m[K/home/ricardo/com_nav_ws/src/com_nav/src/com_nav.cpp:1[m[K:
[2.372s] [01m[K/opt/ros/humble/include/rclcpp/rclcpp/node.hpp:219:3:[m[K [01;36m[Knote: [m[Kcandidate: ‚Äò[01m[Ktemplate<class MessageT, class CallbackT, class AllocatorT, class SubscriptionT, class MessageMemoryStrategyT> std::shared_ptr<ROSMessageT> rclcpp::Node::create_subscription(const string&, const rclcpp::QoS&, CallbackT&&, const rclcpp::SubscriptionOptionsWithAllocator<AllocatorT>&, typename MessageMemoryStrategyT::SharedPtr)[m[K‚Äô
[2.373s]   219 |   [01;36m[Kcreate_subscription[m[K(
[2.373s]       |   [01;36m[K^~~~~~~~~~~~~~~~~~~[m[K
[2.373s] [01m[K/opt/ros/humble/include/rclcpp/rclcpp/node.hpp:219:3:[m[K [01;36m[Knote: [m[K  template argument deduction/substitution failed:
[2.373s] [01m[K/home/ricardo/com_nav_ws/src/com_nav/src/com_nav.cpp:22:77:[m[K [01;31m[Kerror: [m[Ktemplate argument 1 is invalid
[2.373s]    22 |         subscription_ = [01;31m[Kthis->create_subscription<geometry_msgs::msg::Twist>([m[K
[2.373s]       |                         [01;31m[K~~~~~~~~~~~~~~~~~~~~~~~~~~~~~~~~~~~~~~~~~~~~~~~~~~~~^[m[K
[2.373s]    23 | [01;31m[K            "/cmd_vel", 10, std::bind(&SerialCommunicationNode::cmdVelCallback, this, std::placeholders::_1)[m[K
[2.373s]       |             [01;31m[K~~~~~~~~~~~~~~~~~~~~~~~~~~~~~~~~~~~~~~~~~~~~~~~~~~~~~~~~~~~~~~~~~~~~~~~~~~~~~~~~~~~~~~~~~~~~~~~~[m[K
[2.373s]    24 | [01;31m[K        )[m[K;  // ËÆ¢ÈòÖ /cmd_vel ËØùÈ¢ò
[2.373s]       |         [01;31m[K~[m[K                                                                    
[2.698s] gmake[2]: *** [CMakeFiles/com_nav.dir/build.make:76: CMakeFiles/com_nav.dir/src/com_nav.cpp.o] Error 1
[2.698s] gmake[1]: *** [CMakeFiles/Makefile2:137: CMakeFiles/com_nav.dir/all] Error 2
[2.698s] gmake: *** [Makefile:146: all] Error 2
[2.701s] Invoked command in '/home/ricardo/com_nav_ws/build/com_nav' returned '2': CMAKE_PREFIX_PATH=/opt/ros/humble /usr/bin/cmake --build /home/ricardo/com_nav_ws/build/com_nav -- -j16 -l16
