[0.010s] Invoking command in '/home/ricardo/com_nav_ws/build/com_nav': CMAKE_PREFIX_PATH=/opt/ros/humble /usr/bin/cmake --build /home/ricardo/com_nav_ws/build/com_nav -- -j16 -l16
[0.039s] -- Found ament_cmake: 1.3.11 (/opt/ros/humble/share/ament_cmake/cmake)
[0.141s] -- Found rclcpp: 16.0.11 (/opt/ros/humble/share/rclcpp/cmake)
[0.161s] -- Found rosidl_generator_c: 3.1.6 (/opt/ros/humble/share/rosidl_generator_c/cmake)
[0.163s] -- Found rosidl_adapter: 3.1.6 (/opt/ros/humble/share/rosidl_adapter/cmake)
[0.167s] -- Found rosidl_generator_cpp: 3.1.6 (/opt/ros/humble/share/rosidl_generator_cpp/cmake)
[0.173s] -- Using all available rosidl_typesupport_c: rosidl_typesupport_fastrtps_c;rosidl_typesupport_introspection_c
[0.182s] -- Using all available rosidl_typesupport_cpp: rosidl_typesupport_fastrtps_cpp;rosidl_typesupport_introspection_cpp
[0.203s] -- Found rmw_implementation_cmake: 6.1.2 (/opt/ros/humble/share/rmw_implementation_cmake/cmake)
[0.204s] -- Found rmw_fastrtps_cpp: 6.2.7 (/opt/ros/humble/share/rmw_fastrtps_cpp/cmake)
[0.292s] -- Using RMW implementation 'rmw_fastrtps_cpp' as default
[0.338s] -- Found geometry_msgs: 4.2.4 (/opt/ros/humble/share/geometry_msgs/cmake)
[0.350s] -- Found ament_lint_auto: 0.12.11 (/opt/ros/humble/share/ament_lint_auto/cmake)
[0.410s] -- Configuring done
[0.420s] -- Generating done
[0.423s] -- Build files have been written to: /home/ricardo/com_nav_ws/build/com_nav
[0.457s] [35m[1mConsolidate compiler generated dependencies of target com_nav[0m
[0.476s] [ 66%] [32mBuilding CXX object CMakeFiles/com_nav.dir/src/com_nav.cpp.o[0m
[0.476s] [ 66%] [32mBuilding CXX object CMakeFiles/com_nav.dir/src/CRC.cpp.o[0m
[2.239s] [01m[K/home/ricardo/com_nav_ws/src/com_nav/src/com_nav.cpp:120:2:[m[K [01;31m[Kerror: [m[Kexpected â€˜[01m[K;[m[Kâ€™ after class definition
[2.240s]   120 | }
[2.240s]       |  [01;31m[K^[m[K
[2.240s]       |  [32m[K;[m[K
[4.099s] gmake[2]: *** [CMakeFiles/com_nav.dir/build.make:76: CMakeFiles/com_nav.dir/src/com_nav.cpp.o] Error 1
[4.100s] gmake[1]: *** [CMakeFiles/Makefile2:137: CMakeFiles/com_nav.dir/all] Error 2
[4.100s] gmake: *** [Makefile:146: all] Error 2
[4.103s] Invoked command in '/home/ricardo/com_nav_ws/build/com_nav' returned '2': CMAKE_PREFIX_PATH=/opt/ros/humble /usr/bin/cmake --build /home/ricardo/com_nav_ws/build/com_nav -- -j16 -l16
